<?xml version="1.0" encoding="UTF-8"?>
<testsuite name="TicTacToeTest" tests="1" skipped="0" failures="1" errors="0" timestamp="2023-04-08T15:40:55" hostname="UJJWAL" time="0.429">
  <properties/>
  <testcase name="start" classname="TicTacToeTest" time="0.429">
    <failure message="java.lang.AssertionError: Wrong answer in test #19&#10;&#10;The first field is correct, but the second is not&#10;&#10;Please find below the output of your program during this failed test.&#10;Note that the '&gt;' character indicates the beginning of the input line.&#10;&#10;---&#10;&#10;&gt; X_X_O____&#10;---------&#10;| X _ X |&#10;| _ O _ |&#10;| _ _ _ |&#10;---------&#10;&gt; 1 1&#10;This cell is occupied! Choose another one!&#10;&gt; 1 2&#10;---------&#10;| X O X |&#10;| _ O _ |&#10;| _ _ _ |&#10;---------" type="java.lang.AssertionError">java.lang.AssertionError: Wrong answer in test #19

The first field is correct, but the second is not

Please find below the output of your program during this failed test.
Note that the '&gt;' character indicates the beginning of the input line.

---

&gt; X_X_O____
---------
| X _ X |
| _ O _ |
| _ _ _ |
---------
&gt; 1 1
This cell is occupied! Choose another one!
&gt; 1 2
---------
| X O X |
| _ O _ |
| _ _ _ |
---------
	at org.junit.Assert.fail(Assert.java:89)
	at org.hyperskill.hstest.stage.StageTest.start(StageTest.java:203)
	at java.base/jdk.internal.reflect.NativeMethodAccessorImpl.invoke0(Native Method)
	at java.base/jdk.internal.reflect.NativeMethodAccessorImpl.invoke(NativeMethodAccessorImpl.java:77)
	at java.base/jdk.internal.reflect.DelegatingMethodAccessorImpl.invoke(DelegatingMethodAccessorImpl.java:43)
	at java.base/java.lang.reflect.Method.invoke(Method.java:568)
	at org.junit.runners.model.FrameworkMethod$1.runReflectiveCall(FrameworkMethod.java:59)
	at org.junit.internal.runners.model.ReflectiveCallable.run(ReflectiveCallable.java:12)
	at org.junit.runners.model.FrameworkMethod.invokeExplosively(FrameworkMethod.java:56)
	at org.junit.internal.runners.statements.InvokeMethod.evaluate(InvokeMethod.java:17)
	at org.junit.runners.ParentRunner$3.evaluate(ParentRunner.java:306)
	at org.junit.runners.BlockJUnit4ClassRunner$1.evaluate(BlockJUnit4ClassRunner.java:100)
	at org.junit.runners.ParentRunner.runLeaf(ParentRunner.java:366)
	at org.junit.runners.BlockJUnit4ClassRunner.runChild(BlockJUnit4ClassRunner.java:103)
	at org.junit.runners.BlockJUnit4ClassRunner.runChild(BlockJUnit4ClassRunner.java:63)
	at org.junit.runners.ParentRunner$4.run(ParentRunner.java:331)
	at org.junit.runners.ParentRunner$1.schedule(ParentRunner.java:79)
	at org.junit.runners.ParentRunner.runChildren(ParentRunner.java:329)
	at org.junit.runners.ParentRunner.access$100(ParentRunner.java:66)
	at org.junit.runners.ParentRunner$2.evaluate(ParentRunner.java:293)
	at org.junit.runners.ParentRunner$3.evaluate(ParentRunner.java:306)
	at org.junit.runners.ParentRunner.run(ParentRunner.java:413)
	at org.gradle.api.internal.tasks.testing.junit.JUnitTestClassExecutor.runTestClass(JUnitTestClassExecutor.java:110)
	at org.gradle.api.internal.tasks.testing.junit.JUnitTestClassExecutor.execute(JUnitTestClassExecutor.java:58)
	at org.gradle.api.internal.tasks.testing.junit.JUnitTestClassExecutor.execute(JUnitTestClassExecutor.java:38)
	at org.gradle.api.internal.tasks.testing.junit.AbstractJUnitTestClassProcessor.processTestClass(AbstractJUnitTestClassProcessor.java:62)
	at org.gradle.api.internal.tasks.testing.SuiteTestClassProcessor.processTestClass(SuiteTestClassProcessor.java:51)
	at java.base/jdk.internal.reflect.NativeMethodAccessorImpl.invoke0(Native Method)
	at java.base/jdk.internal.reflect.NativeMethodAccessorImpl.invoke(NativeMethodAccessorImpl.java:77)
	at java.base/jdk.internal.reflect.DelegatingMethodAccessorImpl.invoke(DelegatingMethodAccessorImpl.java:43)
	at java.base/java.lang.reflect.Method.invoke(Method.java:568)
	at org.gradle.internal.dispatch.ReflectionDispatch.dispatch(ReflectionDispatch.java:36)
	at org.gradle.internal.dispatch.ReflectionDispatch.dispatch(ReflectionDispatch.java:24)
	at org.gradle.internal.dispatch.ContextClassLoaderDispatch.dispatch(ContextClassLoaderDispatch.java:33)
	at org.gradle.internal.dispatch.ProxyDispatchAdapter$DispatchingInvocationHandler.invoke(ProxyDispatchAdapter.java:94)
	at jdk.proxy1/jdk.proxy1.$Proxy2.processTestClass(Unknown Source)
	at org.gradle.api.internal.tasks.testing.worker.TestWorker$2.run(TestWorker.java:176)
	at org.gradle.api.internal.tasks.testing.worker.TestWorker.executeAndMaintainThreadName(TestWorker.java:129)
	at org.gradle.api.internal.tasks.testing.worker.TestWorker.execute(TestWorker.java:100)
	at org.gradle.api.internal.tasks.testing.worker.TestWorker.execute(TestWorker.java:60)
	at org.gradle.process.internal.worker.child.ActionExecutionWorker.execute(ActionExecutionWorker.java:56)
	at org.gradle.process.internal.worker.child.SystemApplicationClassLoaderWorker.call(SystemApplicationClassLoaderWorker.java:133)
	at org.gradle.process.internal.worker.child.SystemApplicationClassLoaderWorker.call(SystemApplicationClassLoaderWorker.java:71)
	at worker.org.gradle.process.internal.worker.GradleWorkerMain.run(GradleWorkerMain.java:69)
	at worker.org.gradle.process.internal.worker.GradleWorkerMain.main(GradleWorkerMain.java:74)
</failure>
  </testcase>
  <system-out><![CDATA[?[1;31m
Start test 1?[0m
> _XXOO_OX_
---------
| _ X X |
| O O _ |
| O X _ |
---------
> 1 1
---------
| X X X |
| O O _ |
| O X _ |
---------
?[1;31m
Start test 2?[0m
> _XXOO_OX_
---------
| _ X X |
| O O _ |
| O X _ |
---------
> 4 1
Coordinates should be from 1 to 3!
> 1 2
This cell is occupied! Choose another one!
> 1 3
This cell is occupied! Choose another one!
> 2 1
This cell is occupied! Choose another one!
> 2 2
This cell is occupied! Choose another one!
> 2 3
---------
| _ X X |
| O O X |
| O X _ |
---------
?[1;31m
Start test 3?[0m
> _XXOO_OX_
---------
| _ X X |
| O O _ |
| O X _ |
---------
> 1 3
This cell is occupied! Choose another one!
> 2 1
This cell is occupied! Choose another one!
> 2 2
This cell is occupied! Choose another one!
> 2 3
---------
| _ X X |
| O O X |
| O X _ |
---------
?[1;31m
Start test 4?[0m
> _XXOO_OX_
---------
| _ X X |
| O O _ |
| O X _ |
---------
> 4 3
Coordinates should be from 1 to 3!
> 2 1
This cell is occupied! Choose another one!
> 2 2
This cell is occupied! Choose another one!
> 2 3
---------
| _ X X |
| O O X |
| O X _ |
---------
?[1;31m
Start test 5?[0m
> _XXOO_OX_
---------
| _ X X |
| O O _ |
| O X _ |
---------
> 2 2
This cell is occupied! Choose another one!
> 2 3
---------
| _ X X |
| O O X |
| O X _ |
---------
?[1;31m
Start test 6?[0m
> _XXOO_OX_
---------
| _ X X |
| O O _ |
| O X _ |
---------
> 4 5
Coordinates should be from 1 to 3!
> 2 3
---------
| _ X X |
| O O X |
| O X _ |
---------
?[1;31m
Start test 7?[0m
> _XXOO_OX_
---------
| _ X X |
| O O _ |
| O X _ |
---------
> 3 1
This cell is occupied! Choose another one!
> 3 2
This cell is occupied! Choose another one!
> 3 3
---------
| _ X X |
| O O _ |
| O X X |
---------
?[1;31m
Start test 8?[0m
> _XXOO_OX_
---------
| _ X X |
| O O _ |
| O X _ |
---------
> 4 7
Coordinates should be from 1 to 3!
> 3 2
This cell is occupied! Choose another one!
> 3 3
---------
| _ X X |
| O O _ |
| O X X |
---------
?[1;31m
Start test 9?[0m
> _XXOO_OX_
---------
| _ X X |
| O O _ |
| O X _ |
---------
> 3 3
---------
| _ X X |
| O O _ |
| O X X |
---------
?[1;31m
Start test 10?[0m
> _________
---------
| _ _ _ |
| _ _ _ |
| _ _ _ |
---------
> 4 9
Coordinates should be from 1 to 3!
> 1 1
---------
| X _ _ |
| _ _ _ |
| _ _ _ |
---------
?[1;31m
Start test 11?[0m
> _________
---------
| _ _ _ |
| _ _ _ |
| _ _ _ |
---------
> 1 2
---------
| _ X _ |
| _ _ _ |
| _ _ _ |
---------
?[1;31m
Start test 12?[0m
> _________
---------
| _ _ _ |
| _ _ _ |
| _ _ _ |
---------
> 4 11
Coordinates should be from 1 to 3!
> 1 3
---------
| _ _ X |
| _ _ _ |
| _ _ _ |
---------
?[1;31m
Start test 13?[0m
> _________
---------
| _ _ _ |
| _ _ _ |
| _ _ _ |
---------
> 2 1
---------
| _ _ _ |
| X _ _ |
| _ _ _ |
---------
?[1;31m
Start test 14?[0m
> _________
---------
| _ _ _ |
| _ _ _ |
| _ _ _ |
---------
> 4 13
Coordinates should be from 1 to 3!
> 2 2
---------
| _ _ _ |
| _ X _ |
| _ _ _ |
---------
?[1;31m
Start test 15?[0m
> _________
---------
| _ _ _ |
| _ _ _ |
| _ _ _ |
---------
> 2 3
---------
| _ _ _ |
| _ _ X |
| _ _ _ |
---------
?[1;31m
Start test 16?[0m
> _________
---------
| _ _ _ |
| _ _ _ |
| _ _ _ |
---------
> 4 15
Coordinates should be from 1 to 3!
> 3 1
---------
| _ _ _ |
| _ _ _ |
| X _ _ |
---------
?[1;31m
Start test 17?[0m
> _________
---------
| _ _ _ |
| _ _ _ |
| _ _ _ |
---------
> 3 2
---------
| _ _ _ |
| _ _ _ |
| _ X _ |
---------
?[1;31m
Start test 18?[0m
> _________
---------
| _ _ _ |
| _ _ _ |
| _ _ _ |
---------
> 4 17
Coordinates should be from 1 to 3!
> 3 3
---------
| _ _ _ |
| _ _ _ |
| _ _ X |
---------
?[1;31m
Start test 19?[0m
> X_X_O____
---------
| X _ X |
| _ O _ |
| _ _ _ |
---------
> 1 1
This cell is occupied! Choose another one!
> 1 2
---------
| X O X |
| _ O _ |
| _ _ _ |
---------
]]></system-out>
  <system-err><![CDATA[]]></system-err>
</testsuite>
